<?xml version="1.0" encoding="UTF-8"?>
<testsuite xmlns:xsi="http://www.w3.org/2001/XMLSchema-instance" xsi:noNamespaceSchemaLocation="https://maven.apache.org/surefire/maven-surefire-plugin/xsd/surefire-test-report.xsd" name="com.stackroute.friendsBook.repository.UserRepositoryTests" time="1.78" tests="4" errors="0" skipped="0" failures="2">
  <properties>
[...]
</properties>
  <testcase name="testGetAllUsers" classname="com.stackroute.friendsBook.repository.UserRepositoryTests" time="1.281">
    <failure message="expected:&lt;a@g[mail].com&gt; but was:&lt;a@g[].com&gt;" type="org.junit.ComparisonFailure"><![CDATA[org.junit.ComparisonFailure: expected:<a@g[mail].com> but was:<a@g[].com>
	at com.stackroute.friendsBook.repository.UserRepositoryTests.testGetAllUsers(UserRepositoryTests.java:53)
]]></failure>
    <system-out><![CDATA[2018-11-06 10:17:39.489  INFO 22994 --- [           main] .b.t.c.SpringBootTestContextBootstrapper : Neither @ContextConfiguration nor @ContextHierarchy found for test class [com.stackroute.friendsBook.repository.UserRepositoryTests], using SpringBootContextLoader
2018-11-06 10:17:39.490  INFO 22994 --- [           main] o.s.t.c.support.AbstractContextLoader    : Could not detect default resource locations for test class [com.stackroute.friendsBook.repository.UserRepositoryTests]: no resource found for suffixes {-context.xml, Context.groovy}.
2018-11-06 10:17:39.490  INFO 22994 --- [           main] t.c.s.AnnotationConfigContextLoaderUtils : Could not detect default configuration classes for test class [com.stackroute.friendsBook.repository.UserRepositoryTests]: UserRepositoryTests does not declare any static, non-private, non-final, nested classes annotated with @Configuration.
2018-11-06 10:17:39.516  INFO 22994 --- [           main] .b.t.c.SpringBootTestContextBootstrapper : Found @SpringBootConfiguration com.stackroute.friendsBook.FriendsBookApplication for test class com.stackroute.friendsBook.repository.UserRepositoryTests
2018-11-06 10:17:39.516  INFO 22994 --- [           main] .b.t.c.SpringBootTestContextBootstrapper : Loaded default TestExecutionListener class names from location [META-INF/spring.factories]: [org.springframework.boot.test.mock.mockito.MockitoTestExecutionListener, org.springframework.boot.test.mock.mockito.ResetMocksTestExecutionListener, org.springframework.boot.test.autoconfigure.restdocs.RestDocsTestExecutionListener, org.springframework.boot.test.autoconfigure.web.client.MockRestServiceServerResetTestExecutionListener, org.springframework.boot.test.autoconfigure.web.servlet.MockMvcPrintOnlyOnFailureTestExecutionListener, org.springframework.boot.test.autoconfigure.web.servlet.WebDriverTestExecutionListener, org.springframework.test.context.web.ServletTestExecutionListener, org.springframework.test.context.support.DirtiesContextBeforeModesTestExecutionListener, org.springframework.test.context.support.DependencyInjectionTestExecutionListener, org.springframework.test.context.support.DirtiesContextTestExecutionListener, org.springframework.test.context.transaction.TransactionalTestExecutionListener, org.springframework.test.context.jdbc.SqlScriptsTestExecutionListener]
2018-11-06 10:17:39.516  INFO 22994 --- [           main] .b.t.c.SpringBootTestContextBootstrapper : Using TestExecutionListeners: [org.springframework.test.context.web.ServletTestExecutionListener@604c7e9b, org.springframework.test.context.support.DirtiesContextBeforeModesTestExecutionListener@19d27c27, org.springframework.boot.test.mock.mockito.MockitoTestExecutionListener@6181bc4a, org.springframework.boot.test.autoconfigure.SpringBootDependencyInjectionTestExecutionListener@70485aa, org.springframework.test.context.support.DirtiesContextTestExecutionListener@4bf8b77, org.springframework.test.context.transaction.TransactionalTestExecutionListener@e06ec83, org.springframework.test.context.jdbc.SqlScriptsTestExecutionListener@628962e5, org.springframework.boot.test.mock.mockito.ResetMocksTestExecutionListener@410382cb, org.springframework.boot.test.autoconfigure.restdocs.RestDocsTestExecutionListener@399f5daf, org.springframework.boot.test.autoconfigure.web.client.MockRestServiceServerResetTestExecutionListener@c4cceb, org.springframework.boot.test.autoconfigure.web.servlet.MockMvcPrintOnlyOnFailureTestExecutionListener@29f3185c, org.springframework.boot.test.autoconfigure.web.servlet.WebDriverTestExecutionListener@74bbc273]

  .   ____          _            __ _ _
 /\\ / ___'_ __ _ _(_)_ __  __ _ \ \ \ \
( ( )\___ | '_ | '_| | '_ \/ _` | \ \ \ \
 \\/  ___)| |_)| | | | | || (_| |  ) ) ) )
  '  |____| .__|_| |_|_| |_\__, | / / / /
 =========|_|==============|___/=/_/_/_/
 :: Spring Boot ::        (v2.0.6.RELEASE)

2018-11-06 10:17:39.540  INFO 22994 --- [           main] c.s.f.repository.UserRepositoryTests     : Starting UserRepositoryTests on BLR-STR-ANMOL with PID 22994 (started by anmol in /home/anmol/Documents/friends_book/fullstack_friendsbook/friendsBookStackroute)
2018-11-06 10:17:39.541  INFO 22994 --- [           main] c.s.f.repository.UserRepositoryTests     : No active profile set, falling back to default profiles: default
2018-11-06 10:17:39.543  INFO 22994 --- [           main] s.c.a.AnnotationConfigApplicationContext : Refreshing org.springframework.context.annotation.AnnotationConfigApplicationContext@5613247e: startup date [Tue Nov 06 10:17:39 IST 2018]; root of context hierarchy
2018-11-06 10:17:39.604  INFO 22994 --- [           main] trationDelegate$BeanPostProcessorChecker : Bean 'org.springframework.boot.autoconfigure.data.neo4j.Neo4jDataAutoConfiguration' of type [org.springframework.boot.autoconfigure.data.neo4j.Neo4jDataAutoConfiguration$$EnhancerBySpringCGLIB$$3f36b6ca] is not eligible for getting processed by all BeanPostProcessors (for example: not eligible for auto-proxying)
2018-11-06 10:17:39.606  INFO 22994 --- [           main] trationDelegate$BeanPostProcessorChecker : Bean 'org.springframework.transaction.annotation.ProxyTransactionManagementConfiguration' of type [org.springframework.transaction.annotation.ProxyTransactionManagementConfiguration$$EnhancerBySpringCGLIB$$6b5c63be] is not eligible for getting processed by all BeanPostProcessors (for example: not eligible for auto-proxying)
2018-11-06 10:17:39.613  INFO 22994 --- [           main] trationDelegate$BeanPostProcessorChecker : Bean 'org.springframework.boot.context.properties.ConversionServiceDeducer$Factory' of type [org.springframework.boot.context.properties.ConversionServiceDeducer$Factory] is not eligible for getting processed by all BeanPostProcessors (for example: not eligible for auto-proxying)
2018-11-06 10:17:39.615  INFO 22994 --- [           main] trationDelegate$BeanPostProcessorChecker : Bean 'spring.data.neo4j-org.springframework.boot.autoconfigure.data.neo4j.Neo4jProperties' of type [org.springframework.boot.autoconfigure.data.neo4j.Neo4jProperties] is not eligible for getting processed by all BeanPostProcessors (for example: not eligible for auto-proxying)
2018-11-06 10:17:39.617  INFO 22994 --- [           main] trationDelegate$BeanPostProcessorChecker : Bean 'configuration' of type [org.neo4j.ogm.config.Configuration] is not eligible for getting processed by all BeanPostProcessors (for example: not eligible for auto-proxying)
2018-11-06 10:17:39.797  INFO 22994 --- [           main] org.neo4j.ogm.metadata.DomainInfo        : Starting Post-processing phase
2018-11-06 10:17:39.797  INFO 22994 --- [           main] org.neo4j.ogm.metadata.DomainInfo        : Building annotation class map
2018-11-06 10:17:39.797  INFO 22994 --- [           main] org.neo4j.ogm.metadata.DomainInfo        : Building interface class map for 16 classes
2018-11-06 10:17:39.798  INFO 22994 --- [           main] org.neo4j.ogm.metadata.DomainInfo        : Post-processing complete
2018-11-06 10:17:39.800  INFO 22994 --- [           main] trationDelegate$BeanPostProcessorChecker : Bean 'sessionFactory' of type [org.neo4j.ogm.session.SessionFactory] is not eligible for getting processed by all BeanPostProcessors (for example: not eligible for auto-proxying)
2018-11-06 10:17:39.818  WARN 22994 --- [           main] o.s.d.n.mapping.Neo4jPersistentProperty  : No identity field found for class of type: com.stackroute.friendsBook.service.UserService when creating persistent property for : com.stackroute.friendsBook.repository.UserRepository com.stackroute.friendsBook.service.UserService.userRepository
2018-11-06 10:17:39.819  WARN 22994 --- [           main] o.s.d.n.mapping.Neo4jPersistentProperty  : No identity field found for class of type: com.stackroute.friendsBook.resource.UserResource when creating persistent property for : com.stackroute.friendsBook.service.UserService com.stackroute.friendsBook.resource.UserResource.userService
2018-11-06 10:17:39.821  WARN 22994 --- [           main] o.s.d.n.mapping.Neo4jPersistentProperty  : No identity field found for class of type: com.stackroute.friendsBook.Config.SwaggerConfig when creating persistent property for : private org.springframework.context.ApplicationContext org.springframework.web.servlet.config.annotation.WebMvcConfigurationSupport.applicationContext
2018-11-06 10:17:39.823  WARN 22994 --- [           main] o.s.d.n.mapping.Neo4jPersistentProperty  : Owning ClassInfo is null for property: org.springframework.context.ApplicationContext.parent
2018-11-06 10:17:39.823  WARN 22994 --- [           main] o.s.d.n.mapping.Neo4jPersistentProperty  : Owning ClassInfo is null for property: org.springframework.context.ApplicationContext.environment
2018-11-06 10:17:39.823  WARN 22994 --- [           main] o.s.d.n.mapping.Neo4jPersistentProperty  : Owning ClassInfo is null for property: org.springframework.context.ApplicationContext.displayName
2018-11-06 10:17:39.823  WARN 22994 --- [           main] o.s.d.n.mapping.Neo4jPersistentProperty  : Owning ClassInfo is null for property: org.springframework.context.ApplicationContext.startupDate
2018-11-06 10:17:39.824  WARN 22994 --- [           main] o.s.d.n.mapping.Neo4jPersistentProperty  : Owning ClassInfo is null for property: org.springframework.context.ApplicationContext.beanDefinitionCount
2018-11-06 10:17:39.824  WARN 22994 --- [           main] o.s.d.n.mapping.Neo4jPersistentProperty  : Owning ClassInfo is null for property: org.springframework.context.ApplicationContext.autowireCapableBeanFactory
2018-11-06 10:17:39.824  WARN 22994 --- [           main] o.s.d.n.mapping.Neo4jPersistentProperty  : Owning ClassInfo is null for property: org.springframework.context.ApplicationContext.beanDefinitionNames
2018-11-06 10:17:39.824  WARN 22994 --- [           main] o.s.d.n.mapping.Neo4jPersistentProperty  : Owning ClassInfo is null for property: org.springframework.context.ApplicationContext.parentBeanFactory
2018-11-06 10:17:39.824  WARN 22994 --- [           main] o.s.d.n.mapping.Neo4jPersistentProperty  : Owning ClassInfo is null for property: org.springframework.context.ApplicationContext.id
2018-11-06 10:17:39.825  WARN 22994 --- [           main] o.s.d.n.mapping.Neo4jPersistentProperty  : Owning ClassInfo is null for property: org.springframework.context.ApplicationContext.applicationName
2018-11-06 10:17:39.825  WARN 22994 --- [           main] o.s.d.n.mapping.Neo4jPersistentProperty  : No identity field found for class of type: com.stackroute.friendsBook.Config.SwaggerConfig when creating persistent property for : private javax.servlet.ServletContext org.springframework.web.servlet.config.annotation.WebMvcConfigurationSupport.servletContext
2018-11-06 10:17:39.826  WARN 22994 --- [           main] o.s.d.n.mapping.Neo4jPersistentProperty  : Owning ClassInfo is null for property: javax.servlet.ServletContext.initParameterNames
2018-11-06 10:17:39.826  WARN 22994 --- [           main] o.s.d.n.mapping.Neo4jPersistentProperty  : Owning ClassInfo is null for property: javax.servlet.ServletContext.virtualServerName
2018-11-06 10:17:39.826  WARN 22994 --- [           main] o.s.d.n.mapping.Neo4jPersistentProperty  : Owning ClassInfo is null for property: javax.servlet.ServletContext.classLoader
2018-11-06 10:17:39.826  WARN 22994 --- [           main] o.s.d.n.mapping.Neo4jPersistentProperty  : Owning ClassInfo is null for property: javax.servlet.ServletContext.filterRegistrations
2018-11-06 10:17:39.827  WARN 22994 --- [           main] o.s.d.n.mapping.Neo4jPersistentProperty  : Owning ClassInfo is null for property: javax.servlet.ServletContext.servletNames
2018-11-06 10:17:39.827  WARN 22994 --- [           main] o.s.d.n.mapping.Neo4jPersistentProperty  : Owning ClassInfo is null for property: javax.servlet.ServletContext.sessionTrackingModes
2018-11-06 10:17:39.827  WARN 22994 --- [           main] o.s.d.n.mapping.Neo4jPersistentProperty  : Owning ClassInfo is null for property: javax.servlet.ServletContext.contextPath
2018-11-06 10:17:39.827  WARN 22994 --- [           main] o.s.d.n.mapping.Neo4jPersistentProperty  : Owning ClassInfo is null for property: javax.servlet.ServletContext.defaultSessionTrackingModes
2018-11-06 10:17:39.827  WARN 22994 --- [           main] o.s.d.n.mapping.Neo4jPersistentProperty  : Owning ClassInfo is null for property: javax.servlet.ServletContext.majorVersion
2018-11-06 10:17:39.828  WARN 22994 --- [           main] o.s.d.n.mapping.Neo4jPersistentProperty  : Owning ClassInfo is null for property: javax.servlet.ServletContext.effectiveMinorVersion
2018-11-06 10:17:39.828  WARN 22994 --- [           main] o.s.d.n.mapping.Neo4jPersistentProperty  : Owning ClassInfo is null for property: javax.servlet.ServletContext.sessionCookieConfig
2018-11-06 10:17:39.828  WARN 22994 --- [           main] o.s.d.n.mapping.Neo4jPersistentProperty  : Owning ClassInfo is null for property: javax.servlet.ServletContext.effectiveSessionTrackingModes
2018-11-06 10:17:39.828  WARN 22994 --- [           main] o.s.d.n.mapping.Neo4jPersistentProperty  : Owning ClassInfo is null for property: javax.servlet.ServletContext.attributeNames
2018-11-06 10:17:39.828  WARN 22994 --- [           main] o.s.d.n.mapping.Neo4jPersistentProperty  : Owning ClassInfo is null for property: javax.servlet.ServletContext.serverInfo
2018-11-06 10:17:39.828  WARN 22994 --- [           main] o.s.d.n.mapping.Neo4jPersistentProperty  : Owning ClassInfo is null for property: javax.servlet.ServletContext.servletRegistrations
2018-11-06 10:17:39.829  WARN 22994 --- [           main] o.s.d.n.mapping.Neo4jPersistentProperty  : Owning ClassInfo is null for property: javax.servlet.ServletContext.jspConfigDescriptor
2018-11-06 10:17:39.829  WARN 22994 --- [           main] o.s.d.n.mapping.Neo4jPersistentProperty  : Owning ClassInfo is null for property: javax.servlet.ServletContext.servlets
2018-11-06 10:17:39.829  WARN 22994 --- [           main] o.s.d.n.mapping.Neo4jPersistentProperty  : Owning ClassInfo is null for property: javax.servlet.ServletContext.minorVersion
2018-11-06 10:17:39.829  WARN 22994 --- [           main] o.s.d.n.mapping.Neo4jPersistentProperty  : Owning ClassInfo is null for property: javax.servlet.ServletContext.servletContextName
2018-11-06 10:17:39.829  WARN 22994 --- [           main] o.s.d.n.mapping.Neo4jPersistentProperty  : Owning ClassInfo is null for property: javax.servlet.ServletContext.effectiveMajorVersion
2018-11-06 10:17:39.830  WARN 22994 --- [           main] o.s.d.n.mapping.Neo4jPersistentProperty  : No identity field found for class of type: com.stackroute.friendsBook.Config.SwaggerConfig when creating persistent property for : private java.util.List org.springframework.web.servlet.config.annotation.WebMvcConfigurationSupport.interceptors
2018-11-06 10:17:39.830  INFO 22994 --- [           main] o.s.d.neo4j.mapping.Neo4jMappingContext  : No class information found in OGM meta-data for class org.springframework.web.servlet.config.annotation.PathMatchConfigurer so treating as simple type for SD Commons
2018-11-06 10:17:39.830  WARN 22994 --- [           main] o.s.d.n.mapping.Neo4jPersistentProperty  : No identity field found for class of type: com.stackroute.friendsBook.Config.SwaggerConfig when creating persistent property for : private org.springframework.web.servlet.config.annotation.PathMatchConfigurer org.springframework.web.servlet.config.annotation.WebMvcConfigurationSupport.pathMatchConfigurer
2018-11-06 10:17:39.831  INFO 22994 --- [           main] o.s.d.neo4j.mapping.Neo4jMappingContext  : No class information found in OGM meta-data for class org.springframework.web.accept.ContentNegotiationManager so treating as simple type for SD Commons
2018-11-06 10:17:39.831  WARN 22994 --- [           main] o.s.d.n.mapping.Neo4jPersistentProperty  : No identity field found for class of type: com.stackroute.friendsBook.Config.SwaggerConfig when creating persistent property for : private org.springframework.web.accept.ContentNegotiationManager org.springframework.web.servlet.config.annotation.WebMvcConfigurationSupport.contentNegotiationManager
2018-11-06 10:17:39.831  WARN 22994 --- [           main] o.s.d.n.mapping.Neo4jPersistentProperty  : No identity field found for class of type: com.stackroute.friendsBook.Config.SwaggerConfig when creating persistent property for : private java.util.List org.springframework.web.servlet.config.annotation.WebMvcConfigurationSupport.argumentResolvers
2018-11-06 10:17:39.832  WARN 22994 --- [           main] o.s.d.n.mapping.Neo4jPersistentProperty  : No identity field found for class of type: com.stackroute.friendsBook.Config.SwaggerConfig when creating persistent property for : private java.util.List org.springframework.web.servlet.config.annotation.WebMvcConfigurationSupport.returnValueHandlers
2018-11-06 10:17:39.833  WARN 22994 --- [           main] o.s.d.n.mapping.Neo4jPersistentProperty  : No identity field found for class of type: com.stackroute.friendsBook.Config.SwaggerConfig when creating persistent property for : private java.util.List org.springframework.web.servlet.config.annotation.WebMvcConfigurationSupport.messageConverters
2018-11-06 10:17:39.834  WARN 22994 --- [           main] o.s.d.n.mapping.Neo4jPersistentProperty  : Owning ClassInfo is null for property: org.springframework.http.converter.HttpMessageConverter.supportedMediaTypes
2018-11-06 10:17:39.834  WARN 22994 --- [           main] o.s.d.n.mapping.Neo4jPersistentProperty  : No identity field found for class of type: com.stackroute.friendsBook.Config.SwaggerConfig when creating persistent property for : private java.util.Map org.springframework.web.servlet.config.annotation.WebMvcConfigurationSupport.corsConfigurations
2018-11-06 10:17:39.836  WARN 22994 --- [           main] o.s.d.n.mapping.Neo4jPersistentProperty  : Owning ClassInfo is null for property: private java.util.List org.springframework.web.cors.CorsConfiguration.allowedOrigins
2018-11-06 10:17:39.836  WARN 22994 --- [           main] o.s.d.n.mapping.Neo4jPersistentProperty  : Owning ClassInfo is null for property: private java.util.List org.springframework.web.cors.CorsConfiguration.allowedMethods
2018-11-06 10:17:39.837  WARN 22994 --- [           main] o.s.d.n.mapping.Neo4jPersistentProperty  : Owning ClassInfo is null for property: private java.util.List org.springframework.web.cors.CorsConfiguration.resolvedMethods
2018-11-06 10:17:39.837  WARN 22994 --- [           main] o.s.d.n.mapping.Neo4jPersistentProperty  : Owning ClassInfo is null for property: private java.util.List org.springframework.web.cors.CorsConfiguration.allowedHeaders
2018-11-06 10:17:39.837  WARN 22994 --- [           main] o.s.d.n.mapping.Neo4jPersistentProperty  : Owning ClassInfo is null for property: private java.util.List org.springframework.web.cors.CorsConfiguration.exposedHeaders
2018-11-06 10:17:39.837  WARN 22994 --- [           main] o.s.d.n.mapping.Neo4jPersistentProperty  : Owning ClassInfo is null for property: private java.lang.Boolean org.springframework.web.cors.CorsConfiguration.allowCredentials
2018-11-06 10:17:39.838  WARN 22994 --- [           main] o.s.d.n.mapping.Neo4jPersistentProperty  : Owning ClassInfo is null for property: private java.lang.Long org.springframework.web.cors.CorsConfiguration.maxAge
2018-11-06 10:17:39.839  WARN 22994 --- [           main] o.s.d.n.mapping.Neo4jPersistentProperty  : No identity field found for class of type: com.stackroute.friendsBook.POJO.QueryVariables when creating persistent property for : private java.lang.String com.stackroute.friendsBook.POJO.QueryVariables.name
2018-11-06 10:17:39.839  WARN 22994 --- [           main] o.s.d.n.mapping.Neo4jPersistentProperty  : No identity field found for class of type: com.stackroute.friendsBook.POJO.QueryVariables when creating persistent property for : private java.lang.String com.stackroute.friendsBook.POJO.QueryVariables.address
2018-11-06 10:17:39.840  WARN 22994 --- [           main] o.s.d.n.mapping.Neo4jPersistentProperty  : No identity field found for class of type: com.stackroute.friendsBook.POJO.QueryVariables when creating persistent property for : private java.lang.String com.stackroute.friendsBook.POJO.QueryVariables.friends
2018-11-06 10:17:39.842  INFO 22994 --- [           main] o.s.d.neo4j.mapping.Neo4jMappingContext  : No class information found in OGM meta-data for class org.springframework.test.web.servlet.MockMvc so treating as simple type for SD Commons
2018-11-06 10:17:39.842  WARN 22994 --- [           main] o.s.d.n.mapping.Neo4jPersistentProperty  : No identity field found for class of type: com.stackroute.friendsBook.resource.UserResourceTests when creating persistent property for : private org.springframework.test.web.servlet.MockMvc com.stackroute.friendsBook.resource.UserResourceTests.mockMvc
2018-11-06 10:17:39.843  WARN 22994 --- [           main] o.s.d.n.mapping.Neo4jPersistentProperty  : No identity field found for class of type: com.stackroute.friendsBook.resource.UserResourceTests when creating persistent property for : private com.stackroute.friendsBook.model.User com.stackroute.friendsBook.resource.UserResourceTests.user
2018-11-06 10:17:39.846  WARN 22994 --- [           main] o.s.d.n.mapping.Neo4jPersistentProperty  : No identity field found for class of type: com.stackroute.friendsBook.resource.UserResourceTests when creating persistent property for : private com.stackroute.friendsBook.service.UserService com.stackroute.friendsBook.resource.UserResourceTests.userService
2018-11-06 10:17:39.846  WARN 22994 --- [           main] o.s.d.n.mapping.Neo4jPersistentProperty  : No identity field found for class of type: com.stackroute.friendsBook.resource.UserResourceTests when creating persistent property for : private com.stackroute.friendsBook.resource.UserResource com.stackroute.friendsBook.resource.UserResourceTests.userResource
2018-11-06 10:17:39.846  WARN 22994 --- [           main] o.s.d.n.mapping.Neo4jPersistentProperty  : No identity field found for class of type: com.stackroute.friendsBook.resource.UserResourceTests when creating persistent property for : private java.util.List com.stackroute.friendsBook.resource.UserResourceTests.list
2018-11-06 10:17:39.849  WARN 22994 --- [           main] o.s.d.n.mapping.Neo4jPersistentProperty  : No identity field found for class of type: com.stackroute.friendsBook.service.UserServiceTests when creating persistent property for : com.stackroute.friendsBook.model.User com.stackroute.friendsBook.service.UserServiceTests.user
2018-11-06 10:17:39.849  WARN 22994 --- [           main] o.s.d.n.mapping.Neo4jPersistentProperty  : No identity field found for class of type: com.stackroute.friendsBook.service.UserServiceTests when creating persistent property for : com.stackroute.friendsBook.repository.UserRepository com.stackroute.friendsBook.service.UserServiceTests.userRepository
2018-11-06 10:17:39.849  WARN 22994 --- [           main] o.s.d.n.mapping.Neo4jPersistentProperty  : No identity field found for class of type: com.stackroute.friendsBook.service.UserServiceTests when creating persistent property for : com.stackroute.friendsBook.service.UserService com.stackroute.friendsBook.service.UserServiceTests.userService
2018-11-06 10:17:39.850  WARN 22994 --- [           main] o.s.d.n.mapping.Neo4jPersistentProperty  : No identity field found for class of type: com.stackroute.friendsBook.service.UserServiceTests when creating persistent property for : java.util.List com.stackroute.friendsBook.service.UserServiceTests.list
2018-11-06 10:17:39.851  WARN 22994 --- [           main] o.s.d.n.mapping.Neo4jPersistentProperty  : No identity field found for class of type: com.stackroute.friendsBook.Exceptions.UserAlreadyExistsException when creating persistent property for : java.lang.String com.stackroute.friendsBook.Exceptions.UserAlreadyExistsException.userAlreadyExistsErrorMessage
2018-11-06 10:17:39.852  WARN 22994 --- [           main] o.s.d.n.mapping.Neo4jPersistentProperty  : No identity field found for class of type: com.stackroute.friendsBook.Exceptions.UserAlreadyExistsException when creating persistent property for : private transient java.lang.Object java.lang.Throwable.backtrace
2018-11-06 10:17:39.852  WARN 22994 --- [           main] o.s.d.n.mapping.Neo4jPersistentProperty  : No identity field found for class of type: com.stackroute.friendsBook.Exceptions.UserAlreadyExistsException when creating persistent property for : private java.lang.String java.lang.Throwable.detailMessage
2018-11-06 10:17:39.853  WARN 22994 --- [           main] o.s.d.n.mapping.Neo4jPersistentProperty  : No identity field found for class of type: com.stackroute.friendsBook.Exceptions.UserAlreadyExistsException when creating persistent property for : private java.lang.Throwable java.lang.Throwable.cause
2018-11-06 10:17:39.853  WARN 22994 --- [           main] o.s.d.n.mapping.Neo4jPersistentProperty  : No identity field found for class of type: com.stackroute.friendsBook.Exceptions.UserAlreadyExistsException when creating persistent property for : private java.lang.StackTraceElement[] java.lang.Throwable.stackTrace
2018-11-06 10:17:39.853  WARN 22994 --- [           main] o.s.d.n.mapping.Neo4jPersistentProperty  : No identity field found for class of type: com.stackroute.friendsBook.Exceptions.UserAlreadyExistsException when creating persistent property for : private transient int java.lang.Throwable.depth
2018-11-06 10:17:39.854  WARN 22994 --- [           main] o.s.d.n.mapping.Neo4jPersistentProperty  : No identity field found for class of type: com.stackroute.friendsBook.Exceptions.UserAlreadyExistsException when creating persistent property for : private java.util.List java.lang.Throwable.suppressedExceptions
2018-11-06 10:17:39.857  WARN 22994 --- [           main] o.s.d.n.mapping.Neo4jPersistentProperty  : No identity field found for class of type: com.stackroute.friendsBook.repository.UserRepositoryTests when creating persistent property for : com.stackroute.friendsBook.repository.UserRepository com.stackroute.friendsBook.repository.UserRepositoryTests.userRepository
2018-11-06 10:17:39.857  WARN 22994 --- [           main] o.s.d.n.mapping.Neo4jPersistentProperty  : No identity field found for class of type: com.stackroute.friendsBook.repository.UserRepositoryTests when creating persistent property for : com.stackroute.friendsBook.model.User com.stackroute.friendsBook.repository.UserRepositoryTests.user
2018-11-06 10:17:39.858  INFO 22994 --- [           main] o.s.d.neo4j.mapping.Neo4jMappingContext  : Neo4jMappingContext initialisation completed
2018-11-06 10:17:39.886  INFO 22994 --- [           main] c.s.f.repository.UserRepositoryTests     : Started UserRepositoryTests in 0.368 seconds (JVM running for 3.642)
2018-11-06 10:17:40.085  INFO 22994 --- [           main] Driver                                   : Direct driver instance 184147252 created for server address 172.23.238.179:7687
2018-11-06 10:17:40.372  INFO 22994 --- [           main] o.s.t.c.transaction.TransactionContext   : Began transaction (1) for test context [DefaultTestContext@54f373d4 testClass = UserRepositoryTests, testInstance = com.stackroute.friendsBook.repository.UserRepositoryTests@1c53bd49, testMethod = testGetAllUsers@UserRepositoryTests, testException = [null], mergedContextConfiguration = [MergedContextConfiguration@16949dfa testClass = UserRepositoryTests, locations = '{}', classes = '{class com.stackroute.friendsBook.FriendsBookApplication}', contextInitializerClasses = '[]', activeProfiles = '{}', propertySourceLocations = '{}', propertySourceProperties = '{org.springframework.boot.test.context.SpringBootTestContextBootstrapper=true}', contextCustomizers = set[[ImportsContextCustomizer@d6d683e key = [org.springframework.boot.autoconfigure.cache.CacheAutoConfiguration, org.springframework.boot.autoconfigure.data.neo4j.Neo4jDataAutoConfiguration, org.springframework.boot.autoconfigure.data.neo4j.Neo4jRepositoriesAutoConfiguration, org.springframework.boot.autoconfigure.transaction.TransactionAutoConfiguration]], org.springframework.boot.test.context.filter.ExcludeFilterContextCustomizer@7e7be63f, org.springframework.boot.test.json.DuplicateJsonObjectContextCustomizerFactory$DuplicateJsonObjectContextCustomizer@4738a206, org.springframework.boot.test.mock.mockito.MockitoContextCustomizer@0, org.springframework.boot.test.autoconfigure.OverrideAutoConfigurationContextCustomizerFactory$DisableAutoConfigurationContextCustomizer@645ba24a, org.springframework.boot.test.autoconfigure.filter.TypeExcludeFiltersContextCustomizer@351584c0, org.springframework.boot.test.autoconfigure.properties.PropertyMappingContextCustomizer@8d4cc68b, org.springframework.boot.test.autoconfigure.web.servlet.WebDriverContextCustomizerFactory$Customizer@2c1b194a], contextLoader = 'org.springframework.boot.test.context.SpringBootContextLoader', parent = [null]], attributes = map[[empty]]]; transaction manager [org.springframework.data.neo4j.transaction.Neo4jTransactionManager@42cfd794]; rollback [true]
2018-11-06 10:17:41.181  INFO 22994 --- [           main] o.s.t.c.transaction.TransactionContext   : Rolled back transaction for test: [DefaultTestContext@54f373d4 testClass = UserRepositoryTests, testInstance = com.stackroute.friendsBook.repository.UserRepositoryTests@1c53bd49, testMethod = testGetAllUsers@UserRepositoryTests, testException = org.junit.ComparisonFailure: expected:<a@g[mail].com> but was:<a@g[].com>, mergedContextConfiguration = [MergedContextConfiguration@16949dfa testClass = UserRepositoryTests, locations = '{}', classes = '{class com.stackroute.friendsBook.FriendsBookApplication}', contextInitializerClasses = '[]', activeProfiles = '{}', propertySourceLocations = '{}', propertySourceProperties = '{org.springframework.boot.test.context.SpringBootTestContextBootstrapper=true}', contextCustomizers = set[[ImportsContextCustomizer@d6d683e key = [org.springframework.boot.autoconfigure.cache.CacheAutoConfiguration, org.springframework.boot.autoconfigure.data.neo4j.Neo4jDataAutoConfiguration, org.springframework.boot.autoconfigure.data.neo4j.Neo4jRepositoriesAutoConfiguration, org.springframework.boot.autoconfigure.transaction.TransactionAutoConfiguration]], org.springframework.boot.test.context.filter.ExcludeFilterContextCustomizer@7e7be63f, org.springframework.boot.test.json.DuplicateJsonObjectContextCustomizerFactory$DuplicateJsonObjectContextCustomizer@4738a206, org.springframework.boot.test.mock.mockito.MockitoContextCustomizer@0, org.springframework.boot.test.autoconfigure.OverrideAutoConfigurationContextCustomizerFactory$DisableAutoConfigurationContextCustomizer@645ba24a, org.springframework.boot.test.autoconfigure.filter.TypeExcludeFiltersContextCustomizer@351584c0, org.springframework.boot.test.autoconfigure.properties.PropertyMappingContextCustomizer@8d4cc68b, org.springframework.boot.test.autoconfigure.web.servlet.WebDriverContextCustomizerFactory$Customizer@2c1b194a], contextLoader = 'org.springframework.boot.test.context.SpringBootContextLoader', parent = [null]], attributes = map[[empty]]]
]]></system-out>
  </testcase>
  <testcase name="getAllUserEmailsFailure" classname="com.stackroute.friendsBook.repository.UserRepositoryTests" time="0.047"/>
  <testcase name="getAllUserEmails" classname="com.stackroute.friendsBook.repository.UserRepositoryTests" time="0.029">
    <failure message="expected:&lt;a@g[mail].com&gt; but was:&lt;a@g[].com&gt;" type="org.junit.ComparisonFailure"><![CDATA[org.junit.ComparisonFailure: expected:<a@g[mail].com> but was:<a@g[].com>
	at com.stackroute.friendsBook.repository.UserRepositoryTests.getAllUserEmails(UserRepositoryTests.java:74)
]]></failure>
    <system-out><![CDATA[2018-11-06 10:17:41.238  INFO 22994 --- [           main] o.s.t.c.transaction.TransactionContext   : Began transaction (1) for test context [DefaultTestContext@54f373d4 testClass = UserRepositoryTests, testInstance = com.stackroute.friendsBook.repository.UserRepositoryTests@1d7f7962, testMethod = getAllUserEmails@UserRepositoryTests, testException = [null], mergedContextConfiguration = [MergedContextConfiguration@16949dfa testClass = UserRepositoryTests, locations = '{}', classes = '{class com.stackroute.friendsBook.FriendsBookApplication}', contextInitializerClasses = '[]', activeProfiles = '{}', propertySourceLocations = '{}', propertySourceProperties = '{org.springframework.boot.test.context.SpringBootTestContextBootstrapper=true}', contextCustomizers = set[[ImportsContextCustomizer@d6d683e key = [org.springframework.boot.autoconfigure.cache.CacheAutoConfiguration, org.springframework.boot.autoconfigure.data.neo4j.Neo4jDataAutoConfiguration, org.springframework.boot.autoconfigure.data.neo4j.Neo4jRepositoriesAutoConfiguration, org.springframework.boot.autoconfigure.transaction.TransactionAutoConfiguration]], org.springframework.boot.test.context.filter.ExcludeFilterContextCustomizer@7e7be63f, org.springframework.boot.test.json.DuplicateJsonObjectContextCustomizerFactory$DuplicateJsonObjectContextCustomizer@4738a206, org.springframework.boot.test.mock.mockito.MockitoContextCustomizer@0, org.springframework.boot.test.autoconfigure.OverrideAutoConfigurationContextCustomizerFactory$DisableAutoConfigurationContextCustomizer@645ba24a, org.springframework.boot.test.autoconfigure.filter.TypeExcludeFiltersContextCustomizer@351584c0, org.springframework.boot.test.autoconfigure.properties.PropertyMappingContextCustomizer@8d4cc68b, org.springframework.boot.test.autoconfigure.web.servlet.WebDriverContextCustomizerFactory$Customizer@2c1b194a], contextLoader = 'org.springframework.boot.test.context.SpringBootContextLoader', parent = [null]], attributes = map[[empty]]]; transaction manager [org.springframework.data.neo4j.transaction.Neo4jTransactionManager@42cfd794]; rollback [true]
2018-11-06 10:17:41.264  INFO 22994 --- [           main] o.s.t.c.transaction.TransactionContext   : Rolled back transaction for test: [DefaultTestContext@54f373d4 testClass = UserRepositoryTests, testInstance = com.stackroute.friendsBook.repository.UserRepositoryTests@1d7f7962, testMethod = getAllUserEmails@UserRepositoryTests, testException = org.junit.ComparisonFailure: expected:<a@g[mail].com> but was:<a@g[].com>, mergedContextConfiguration = [MergedContextConfiguration@16949dfa testClass = UserRepositoryTests, locations = '{}', classes = '{class com.stackroute.friendsBook.FriendsBookApplication}', contextInitializerClasses = '[]', activeProfiles = '{}', propertySourceLocations = '{}', propertySourceProperties = '{org.springframework.boot.test.context.SpringBootTestContextBootstrapper=true}', contextCustomizers = set[[ImportsContextCustomizer@d6d683e key = [org.springframework.boot.autoconfigure.cache.CacheAutoConfiguration, org.springframework.boot.autoconfigure.data.neo4j.Neo4jDataAutoConfiguration, org.springframework.boot.autoconfigure.data.neo4j.Neo4jRepositoriesAutoConfiguration, org.springframework.boot.autoconfigure.transaction.TransactionAutoConfiguration]], org.springframework.boot.test.context.filter.ExcludeFilterContextCustomizer@7e7be63f, org.springframework.boot.test.json.DuplicateJsonObjectContextCustomizerFactory$DuplicateJsonObjectContextCustomizer@4738a206, org.springframework.boot.test.mock.mockito.MockitoContextCustomizer@0, org.springframework.boot.test.autoconfigure.OverrideAutoConfigurationContextCustomizerFactory$DisableAutoConfigurationContextCustomizer@645ba24a, org.springframework.boot.test.autoconfigure.filter.TypeExcludeFiltersContextCustomizer@351584c0, org.springframework.boot.test.autoconfigure.properties.PropertyMappingContextCustomizer@8d4cc68b, org.springframework.boot.test.autoconfigure.web.servlet.WebDriverContextCustomizerFactory$Customizer@2c1b194a], contextLoader = 'org.springframework.boot.test.context.SpringBootContextLoader', parent = [null]], attributes = map[[empty]]]
]]></system-out>
  </testcase>
  <testcase name="testGetAllUsersFailure" classname="com.stackroute.friendsBook.repository.UserRepositoryTests" time="0.03"/>
</testsuite>